{"/Users/nicmakomva/Projects/Makers Projects/acebook-earth/api/app.js": {"path":"/Users/nicmakomva/Projects/Makers Projects/acebook-earth/api/app.js","statementMap":{"0":{"start":{"line":1,"column":16},"end":{"line":1,"column":34}},"1":{"start":{"line":2,"column":19},"end":{"line":2,"column":41}},"2":{"start":{"line":3,"column":13},"end":{"line":3,"column":28}},"3":{"start":{"line":5,"column":31},"end":{"line":5,"column":67}},"4":{"start":{"line":6,"column":29},"end":{"line":6,"column":63}},"5":{"start":{"line":7,"column":20},"end":{"line":7,"column":45}},"6":{"start":{"line":8,"column":29},"end":{"line":8,"column":63}},"7":{"start":{"line":9,"column":21},"end":{"line":9,"column":57}},"8":{"start":{"line":11,"column":12},"end":{"line":11,"column":21}},"9":{"start":{"line":16,"column":0},"end":{"line":16,"column":16}},"10":{"start":{"line":19,"column":0},"end":{"line":19,"column":27}},"11":{"start":{"line":22,"column":0},"end":{"line":22,"column":42}},"12":{"start":{"line":23,"column":0},"end":{"line":23,"column":54}},"13":{"start":{"line":24,"column":0},"end":{"line":24,"column":45}},"14":{"start":{"line":25,"column":0},"end":{"line":25,"column":41}},"15":{"start":{"line":28,"column":0},"end":{"line":30,"column":3}},"16":{"start":{"line":29,"column":2},"end":{"line":29,"column":56}},"17":{"start":{"line":33,"column":0},"end":{"line":40,"column":3}},"18":{"start":{"line":34,"column":2},"end":{"line":34,"column":21}},"19":{"start":{"line":35,"column":2},"end":{"line":39,"column":3}},"20":{"start":{"line":36,"column":4},"end":{"line":36,"column":38}},"21":{"start":{"line":38,"column":4},"end":{"line":38,"column":58}},"22":{"start":{"line":42,"column":0},"end":{"line":42,"column":21}}},"fnMap":{"0":{"name":"(anonymous_0)","decl":{"start":{"line":28,"column":8},"end":{"line":28,"column":9}},"loc":{"start":{"line":28,"column":23},"end":{"line":30,"column":1}},"line":28},"1":{"name":"(anonymous_1)","decl":{"start":{"line":33,"column":8},"end":{"line":33,"column":9}},"loc":{"start":{"line":33,"column":35},"end":{"line":40,"column":1}},"line":33}},"branchMap":{"0":{"loc":{"start":{"line":35,"column":2},"end":{"line":39,"column":3}},"type":"if","locations":[{"start":{"line":35,"column":2},"end":{"line":39,"column":3}},{"start":{"line":37,"column":9},"end":{"line":39,"column":3}}],"line":35}},"s":{"0":3,"1":3,"2":3,"3":3,"4":3,"5":3,"6":3,"7":3,"8":3,"9":3,"10":3,"11":3,"12":3,"13":3,"14":3,"15":3,"16":0,"17":3,"18":0,"19":0,"20":0,"21":0,"22":3},"f":{"0":0,"1":0},"b":{"0":[0,0]},"_coverageSchema":"1a1c01bbd47fc00a2c39e90264f33305004495a9","hash":"9ee357c8a09819e43ff7e572051e05ae775fe052"}
,"/Users/nicmakomva/Projects/Makers Projects/acebook-earth/api/controllers/authentication.js": {"path":"/Users/nicmakomva/Projects/Makers Projects/acebook-earth/api/controllers/authentication.js","statementMap":{"0":{"start":{"line":1,"column":13},"end":{"line":1,"column":38}},"1":{"start":{"line":2,"column":26},"end":{"line":2,"column":49}},"2":{"start":{"line":5,"column":16},"end":{"line":5,"column":30}},"3":{"start":{"line":6,"column":19},"end":{"line":6,"column":36}},"4":{"start":{"line":8,"column":15},"end":{"line":8,"column":51}},"5":{"start":{"line":9,"column":2},"end":{"line":18,"column":3}},"6":{"start":{"line":10,"column":4},"end":{"line":10,"column":46}},"7":{"start":{"line":11,"column":4},"end":{"line":11,"column":56}},"8":{"start":{"line":12,"column":9},"end":{"line":18,"column":3}},"9":{"start":{"line":13,"column":4},"end":{"line":13,"column":54}},"10":{"start":{"line":14,"column":4},"end":{"line":14,"column":60}},"11":{"start":{"line":16,"column":18},"end":{"line":16,"column":40}},"12":{"start":{"line":17,"column":4},"end":{"line":17,"column":58}},"13":{"start":{"line":21,"column":33},"end":{"line":23,"column":1}},"14":{"start":{"line":25,"column":0},"end":{"line":25,"column":42}}},"fnMap":{"0":{"name":"createToken","decl":{"start":{"line":4,"column":15},"end":{"line":4,"column":26}},"loc":{"start":{"line":4,"column":37},"end":{"line":19,"column":1}},"line":4}},"branchMap":{"0":{"loc":{"start":{"line":9,"column":2},"end":{"line":18,"column":3}},"type":"if","locations":[{"start":{"line":9,"column":2},"end":{"line":18,"column":3}},{"start":{"line":12,"column":9},"end":{"line":18,"column":3}}],"line":9},"1":{"loc":{"start":{"line":12,"column":9},"end":{"line":18,"column":3}},"type":"if","locations":[{"start":{"line":12,"column":9},"end":{"line":18,"column":3}},{"start":{"line":15,"column":9},"end":{"line":18,"column":3}}],"line":12}},"s":{"0":3,"1":3,"2":3,"3":3,"4":3,"5":3,"6":1,"7":1,"8":2,"9":1,"10":1,"11":1,"12":1,"13":3,"14":3},"f":{"0":3},"b":{"0":[1,2],"1":[1,1]},"_coverageSchema":"1a1c01bbd47fc00a2c39e90264f33305004495a9","hash":"2aaf4efe2d655c6f42c0efbd32f7025490468fed"}
,"/Users/nicmakomva/Projects/Makers Projects/acebook-earth/api/controllers/posts.js": {"path":"/Users/nicmakomva/Projects/Makers Projects/acebook-earth/api/controllers/posts.js","statementMap":{"0":{"start":{"line":1,"column":13},"end":{"line":1,"column":38}},"1":{"start":{"line":2,"column":26},"end":{"line":2,"column":49}},"2":{"start":{"line":3,"column":13},"end":{"line":3,"column":38}},"3":{"start":{"line":6,"column":0},"end":{"line":12,"column":1}},"4":{"start":{"line":7,"column":17},"end":{"line":7,"column":34}},"5":{"start":{"line":8,"column":16},"end":{"line":8,"column":42}},"6":{"start":{"line":9,"column":2},"end":{"line":9,"column":55}},"7":{"start":{"line":11,"column":2},"end":{"line":11,"column":65}},"8":{"start":{"line":16,"column":0},"end":{"line":27,"column":1}},"9":{"start":{"line":17,"column":18},"end":{"line":17,"column":35}},"10":{"start":{"line":18,"column":15},"end":{"line":18,"column":42}},"11":{"start":{"line":20,"column":2},"end":{"line":22,"column":3}},"12":{"start":{"line":21,"column":4},"end":{"line":21,"column":63}},"13":{"start":{"line":23,"column":16},"end":{"line":23,"column":42}},"14":{"start":{"line":24,"column":2},"end":{"line":24,"column":53}},"15":{"start":{"line":26,"column":2},"end":{"line":26,"column":65}},"16":{"start":{"line":31,"column":16},"end":{"line":31,"column":51}},"17":{"start":{"line":32,"column":2},"end":{"line":32,"column":15}},"18":{"start":{"line":36,"column":2},"end":{"line":57,"column":3}},"19":{"start":{"line":37,"column":19},"end":{"line":37,"column":36}},"20":{"start":{"line":38,"column":17},"end":{"line":38,"column":44}},"21":{"start":{"line":39,"column":4},"end":{"line":41,"column":5}},"22":{"start":{"line":40,"column":6},"end":{"line":40,"column":64}},"23":{"start":{"line":42,"column":20},"end":{"line":42,"column":32}},"24":{"start":{"line":45,"column":24},"end":{"line":47,"column":5}},"25":{"start":{"line":46,"column":30},"end":{"line":46,"column":56}},"26":{"start":{"line":50,"column":21},"end":{"line":50,"column":39}},"27":{"start":{"line":52,"column":18},"end":{"line":52,"column":39}},"28":{"start":{"line":53,"column":4},"end":{"line":53,"column":53}},"29":{"start":{"line":55,"column":4},"end":{"line":55,"column":25}},"30":{"start":{"line":56,"column":4},"end":{"line":56,"column":68}},"31":{"start":{"line":62,"column":2},"end":{"line":70,"column":1}},"32":{"start":{"line":63,"column":16},"end":{"line":63,"column":34}},"33":{"start":{"line":64,"column":2},"end":{"line":64,"column":14}},"34":{"start":{"line":66,"column":19},"end":{"line":66,"column":45}},"35":{"start":{"line":67,"column":2},"end":{"line":67,"column":69}},"36":{"start":{"line":69,"column":2},"end":{"line":69,"column":65}},"37":{"start":{"line":74,"column":2},"end":{"line":86,"column":1}},"38":{"start":{"line":75,"column":17},"end":{"line":75,"column":34}},"39":{"start":{"line":76,"column":22},"end":{"line":78,"column":4}},"40":{"start":{"line":79,"column":2},"end":{"line":81,"column":3}},"41":{"start":{"line":80,"column":4},"end":{"line":80,"column":62}},"42":{"start":{"line":82,"column":16},"end":{"line":82,"column":42}},"43":{"start":{"line":83,"column":2},"end":{"line":83,"column":61}},"44":{"start":{"line":85,"column":2},"end":{"line":85,"column":65}},"45":{"start":{"line":90,"column":2},"end":{"line":100,"column":1}},"46":{"start":{"line":91,"column":18},"end":{"line":91,"column":35}},"47":{"start":{"line":92,"column":21},"end":{"line":92,"column":57}},"48":{"start":{"line":93,"column":2},"end":{"line":95,"column":3}},"49":{"start":{"line":94,"column":4},"end":{"line":94,"column":62}},"50":{"start":{"line":96,"column":16},"end":{"line":96,"column":42}},"51":{"start":{"line":97,"column":2},"end":{"line":97,"column":60}},"52":{"start":{"line":99,"column":2},"end":{"line":99,"column":65}},"53":{"start":{"line":105,"column":24},"end":{"line":112,"column":1}},"54":{"start":{"line":114,"column":0},"end":{"line":114,"column":33}}},"fnMap":{"0":{"name":"getAllPosts","decl":{"start":{"line":5,"column":15},"end":{"line":5,"column":26}},"loc":{"start":{"line":5,"column":37},"end":{"line":13,"column":1}},"line":5},"1":{"name":"getPostById","decl":{"start":{"line":15,"column":15},"end":{"line":15,"column":26}},"loc":{"start":{"line":15,"column":37},"end":{"line":29,"column":1}},"line":15},"2":{"name":"getPostsByFriend","decl":{"start":{"line":30,"column":15},"end":{"line":30,"column":31}},"loc":{"start":{"line":30,"column":42},"end":{"line":33,"column":1}},"line":30},"3":{"name":"getFeed","decl":{"start":{"line":35,"column":15},"end":{"line":35,"column":22}},"loc":{"start":{"line":35,"column":33},"end":{"line":58,"column":1}},"line":35},"4":{"name":"(anonymous_4)","decl":{"start":{"line":46,"column":18},"end":{"line":46,"column":19}},"loc":{"start":{"line":46,"column":30},"end":{"line":46,"column":56}},"line":46},"5":{"name":"createPost","decl":{"start":{"line":60,"column":15},"end":{"line":60,"column":25}},"loc":{"start":{"line":60,"column":36},"end":{"line":71,"column":1}},"line":60},"6":{"name":"editPost","decl":{"start":{"line":73,"column":15},"end":{"line":73,"column":23}},"loc":{"start":{"line":73,"column":34},"end":{"line":87,"column":1}},"line":73},"7":{"name":"deletePost","decl":{"start":{"line":89,"column":15},"end":{"line":89,"column":25}},"loc":{"start":{"line":89,"column":36},"end":{"line":101,"column":1}},"line":89}},"branchMap":{"0":{"loc":{"start":{"line":20,"column":2},"end":{"line":22,"column":3}},"type":"if","locations":[{"start":{"line":20,"column":2},"end":{"line":22,"column":3}},{"start":{},"end":{}}],"line":20},"1":{"loc":{"start":{"line":39,"column":4},"end":{"line":41,"column":5}},"type":"if","locations":[{"start":{"line":39,"column":4},"end":{"line":41,"column":5}},{"start":{},"end":{}}],"line":39},"2":{"loc":{"start":{"line":79,"column":2},"end":{"line":81,"column":3}},"type":"if","locations":[{"start":{"line":79,"column":2},"end":{"line":81,"column":3}},{"start":{},"end":{}}],"line":79},"3":{"loc":{"start":{"line":93,"column":2},"end":{"line":95,"column":3}},"type":"if","locations":[{"start":{"line":93,"column":2},"end":{"line":95,"column":3}},{"start":{},"end":{}}],"line":93}},"s":{"0":3,"1":3,"2":3,"3":3,"4":3,"5":3,"6":3,"7":0,"8":4,"9":4,"10":4,"11":4,"12":1,"13":3,"14":3,"15":0,"16":2,"17":2,"18":2,"19":2,"20":2,"21":2,"22":1,"23":1,"24":1,"25":2,"26":1,"27":1,"28":1,"29":0,"30":0,"31":3,"32":3,"33":3,"34":3,"35":3,"36":0,"37":2,"38":2,"39":2,"40":2,"41":1,"42":1,"43":1,"44":0,"45":2,"46":2,"47":2,"48":2,"49":1,"50":1,"51":1,"52":0,"53":3,"54":3},"f":{"0":3,"1":4,"2":2,"3":2,"4":2,"5":3,"6":2,"7":2},"b":{"0":[1,3],"1":[1,1],"2":[1,1],"3":[1,1]},"_coverageSchema":"1a1c01bbd47fc00a2c39e90264f33305004495a9","hash":"5dd086d98d20af5dd193004d63cdf7ea34f498c3"}
,"/Users/nicmakomva/Projects/Makers Projects/acebook-earth/api/controllers/users.js": {"path":"/Users/nicmakomva/Projects/Makers Projects/acebook-earth/api/controllers/users.js","statementMap":{"0":{"start":{"line":1,"column":13},"end":{"line":1,"column":38}},"1":{"start":{"line":2,"column":26},"end":{"line":2,"column":49}},"2":{"start":{"line":3,"column":13},"end":{"line":3,"column":38}},"3":{"start":{"line":6,"column":16},"end":{"line":6,"column":30}},"4":{"start":{"line":7,"column":19},"end":{"line":7,"column":36}},"5":{"start":{"line":8,"column":15},"end":{"line":8,"column":28}},"6":{"start":{"line":10,"column":15},"end":{"line":10,"column":50}},"7":{"start":{"line":11,"column":2},"end":{"line":22,"column":7}},"8":{"start":{"line":14,"column":6},"end":{"line":14,"column":60}},"9":{"start":{"line":15,"column":6},"end":{"line":15,"column":46}},"10":{"start":{"line":18,"column":6},"end":{"line":20,"column":7}},"11":{"start":{"line":19,"column":8},"end":{"line":19,"column":27}},"12":{"start":{"line":21,"column":6},"end":{"line":21,"column":64}},"13":{"start":{"line":26,"column":2},"end":{"line":37,"column":3}},"14":{"start":{"line":27,"column":18},"end":{"line":27,"column":35}},"15":{"start":{"line":29,"column":4},"end":{"line":31,"column":5}},"16":{"start":{"line":30,"column":6},"end":{"line":30,"column":66}},"17":{"start":{"line":33,"column":4},"end":{"line":33,"column":36}},"18":{"start":{"line":35,"column":4},"end":{"line":35,"column":75}},"19":{"start":{"line":36,"column":4},"end":{"line":36,"column":54}},"20":{"start":{"line":41,"column":2},"end":{"line":52,"column":3}},"21":{"start":{"line":42,"column":17},"end":{"line":42,"column":98}},"22":{"start":{"line":44,"column":4},"end":{"line":46,"column":5}},"23":{"start":{"line":45,"column":6},"end":{"line":45,"column":65}},"24":{"start":{"line":48,"column":4},"end":{"line":48,"column":35}},"25":{"start":{"line":50,"column":4},"end":{"line":50,"column":72}},"26":{"start":{"line":51,"column":4},"end":{"line":51,"column":54}},"27":{"start":{"line":56,"column":2},"end":{"line":79,"column":3}},"28":{"start":{"line":58,"column":4},"end":{"line":60,"column":5}},"29":{"start":{"line":59,"column":6},"end":{"line":59,"column":101}},"30":{"start":{"line":62,"column":24},"end":{"line":68,"column":5}},"31":{"start":{"line":70,"column":4},"end":{"line":72,"column":5}},"32":{"start":{"line":71,"column":6},"end":{"line":71,"column":81}},"33":{"start":{"line":74,"column":4},"end":{"line":74,"column":39}},"34":{"start":{"line":77,"column":4},"end":{"line":77,"column":76}},"35":{"start":{"line":78,"column":4},"end":{"line":78,"column":51}},"36":{"start":{"line":83,"column":2},"end":{"line":116,"column":3}},"37":{"start":{"line":84,"column":19},"end":{"line":84,"column":30}},"38":{"start":{"line":85,"column":31},"end":{"line":85,"column":41}},"39":{"start":{"line":87,"column":4},"end":{"line":89,"column":5}},"40":{"start":{"line":88,"column":6},"end":{"line":88,"column":102}},"41":{"start":{"line":91,"column":25},"end":{"line":91,"column":54}},"42":{"start":{"line":92,"column":4},"end":{"line":94,"column":5}},"43":{"start":{"line":93,"column":6},"end":{"line":93,"column":67}},"44":{"start":{"line":96,"column":24},"end":{"line":100,"column":5}},"45":{"start":{"line":102,"column":4},"end":{"line":104,"column":5}},"46":{"start":{"line":103,"column":6},"end":{"line":103,"column":65}},"47":{"start":{"line":106,"column":4},"end":{"line":109,"column":7}},"48":{"start":{"line":112,"column":4},"end":{"line":115,"column":7}},"49":{"start":{"line":120,"column":2},"end":{"line":154,"column":3}},"50":{"start":{"line":121,"column":19},"end":{"line":121,"column":30}},"51":{"start":{"line":122,"column":4},"end":{"line":122,"column":38}},"52":{"start":{"line":124,"column":4},"end":{"line":128,"column":5}},"53":{"start":{"line":125,"column":6},"end":{"line":127,"column":8}},"54":{"start":{"line":130,"column":4},"end":{"line":133,"column":6}},"55":{"start":{"line":135,"column":4},"end":{"line":138,"column":5}},"56":{"start":{"line":143,"column":4},"end":{"line":143,"column":41}},"57":{"start":{"line":145,"column":4},"end":{"line":147,"column":6}},"58":{"start":{"line":150,"column":4},"end":{"line":153,"column":7}},"59":{"start":{"line":158,"column":24},"end":{"line":165,"column":1}},"60":{"start":{"line":167,"column":0},"end":{"line":167,"column":33}}},"fnMap":{"0":{"name":"create","decl":{"start":{"line":5,"column":9},"end":{"line":5,"column":15}},"loc":{"start":{"line":5,"column":26},"end":{"line":23,"column":1}},"line":5},"1":{"name":"(anonymous_1)","decl":{"start":{"line":13,"column":10},"end":{"line":13,"column":11}},"loc":{"start":{"line":13,"column":20},"end":{"line":16,"column":5}},"line":13},"2":{"name":"(anonymous_2)","decl":{"start":{"line":17,"column":11},"end":{"line":17,"column":12}},"loc":{"start":{"line":17,"column":20},"end":{"line":22,"column":5}},"line":17},"3":{"name":"getAllUsers","decl":{"start":{"line":25,"column":15},"end":{"line":25,"column":26}},"loc":{"start":{"line":25,"column":37},"end":{"line":38,"column":1}},"line":25},"4":{"name":"getById","decl":{"start":{"line":40,"column":15},"end":{"line":40,"column":22}},"loc":{"start":{"line":40,"column":33},"end":{"line":53,"column":1}},"line":40},"5":{"name":"updateUser","decl":{"start":{"line":55,"column":15},"end":{"line":55,"column":25}},"loc":{"start":{"line":55,"column":36},"end":{"line":80,"column":1}},"line":55},"6":{"name":"addFriend","decl":{"start":{"line":82,"column":15},"end":{"line":82,"column":24}},"loc":{"start":{"line":82,"column":35},"end":{"line":117,"column":1}},"line":82},"7":{"name":"deleteUserById","decl":{"start":{"line":119,"column":15},"end":{"line":119,"column":29}},"loc":{"start":{"line":119,"column":40},"end":{"line":155,"column":1}},"line":119}},"branchMap":{"0":{"loc":{"start":{"line":18,"column":6},"end":{"line":20,"column":7}},"type":"if","locations":[{"start":{"line":18,"column":6},"end":{"line":20,"column":7}},{"start":{},"end":{}}],"line":18},"1":{"loc":{"start":{"line":29,"column":4},"end":{"line":31,"column":5}},"type":"if","locations":[{"start":{"line":29,"column":4},"end":{"line":31,"column":5}},{"start":{},"end":{}}],"line":29},"2":{"loc":{"start":{"line":44,"column":4},"end":{"line":46,"column":5}},"type":"if","locations":[{"start":{"line":44,"column":4},"end":{"line":46,"column":5}},{"start":{},"end":{}}],"line":44},"3":{"loc":{"start":{"line":58,"column":4},"end":{"line":60,"column":5}},"type":"if","locations":[{"start":{"line":58,"column":4},"end":{"line":60,"column":5}},{"start":{},"end":{}}],"line":58},"4":{"loc":{"start":{"line":70,"column":4},"end":{"line":72,"column":5}},"type":"if","locations":[{"start":{"line":70,"column":4},"end":{"line":72,"column":5}},{"start":{},"end":{}}],"line":70},"5":{"loc":{"start":{"line":87,"column":4},"end":{"line":89,"column":5}},"type":"if","locations":[{"start":{"line":87,"column":4},"end":{"line":89,"column":5}},{"start":{},"end":{}}],"line":87},"6":{"loc":{"start":{"line":92,"column":4},"end":{"line":94,"column":5}},"type":"if","locations":[{"start":{"line":92,"column":4},"end":{"line":94,"column":5}},{"start":{},"end":{}}],"line":92},"7":{"loc":{"start":{"line":102,"column":4},"end":{"line":104,"column":5}},"type":"if","locations":[{"start":{"line":102,"column":4},"end":{"line":104,"column":5}},{"start":{},"end":{}}],"line":102},"8":{"loc":{"start":{"line":124,"column":4},"end":{"line":128,"column":5}},"type":"if","locations":[{"start":{"line":124,"column":4},"end":{"line":128,"column":5}},{"start":{},"end":{}}],"line":124}},"s":{"0":3,"1":3,"2":3,"3":6,"4":6,"5":6,"6":6,"7":6,"8":2,"9":2,"10":4,"11":0,"12":4,"13":1,"14":1,"15":1,"16":0,"17":1,"18":0,"19":0,"20":4,"21":4,"22":4,"23":1,"24":3,"25":0,"26":0,"27":3,"28":3,"29":0,"30":3,"31":3,"32":0,"33":3,"34":0,"35":0,"36":4,"37":4,"38":4,"39":4,"40":0,"41":4,"42":4,"43":0,"44":4,"45":4,"46":0,"47":4,"48":0,"49":2,"50":2,"51":2,"52":2,"53":0,"54":2,"55":2,"56":2,"57":2,"58":0,"59":3,"60":3},"f":{"0":6,"1":2,"2":4,"3":1,"4":4,"5":3,"6":4,"7":2},"b":{"0":[0,4],"1":[0,1],"2":[1,3],"3":[0,3],"4":[0,3],"5":[0,4],"6":[0,4],"7":[0,4],"8":[0,2]},"_coverageSchema":"1a1c01bbd47fc00a2c39e90264f33305004495a9","hash":"3cb684e2944fd3d6017b541cf59142babb01e512"}
,"/Users/nicmakomva/Projects/Makers Projects/acebook-earth/api/db/db.js": {"path":"/Users/nicmakomva/Projects/Makers Projects/acebook-earth/api/db/db.js","statementMap":{"0":{"start":{"line":1,"column":17},"end":{"line":1,"column":36}},"1":{"start":{"line":4,"column":21},"end":{"line":4,"column":44}},"2":{"start":{"line":6,"column":2},"end":{"line":11,"column":3}},"3":{"start":{"line":7,"column":4},"end":{"line":9,"column":6}},"4":{"start":{"line":10,"column":4},"end":{"line":10,"column":53}},"5":{"start":{"line":13,"column":2},"end":{"line":13,"column":37}},"6":{"start":{"line":15,"column":2},"end":{"line":17,"column":3}},"7":{"start":{"line":16,"column":4},"end":{"line":16,"column":53}},"8":{"start":{"line":20,"column":0},"end":{"line":20,"column":39}}},"fnMap":{"0":{"name":"connectToDatabase","decl":{"start":{"line":3,"column":15},"end":{"line":3,"column":32}},"loc":{"start":{"line":3,"column":35},"end":{"line":18,"column":1}},"line":3}},"branchMap":{"0":{"loc":{"start":{"line":6,"column":2},"end":{"line":11,"column":3}},"type":"if","locations":[{"start":{"line":6,"column":2},"end":{"line":11,"column":3}},{"start":{},"end":{}}],"line":6},"1":{"loc":{"start":{"line":15,"column":2},"end":{"line":17,"column":3}},"type":"if","locations":[{"start":{"line":15,"column":2},"end":{"line":17,"column":3}},{"start":{},"end":{}}],"line":15}},"s":{"0":5,"1":5,"2":5,"3":0,"4":0,"5":5,"6":5,"7":0,"8":5},"f":{"0":5},"b":{"0":[0,5],"1":[0,5]},"_coverageSchema":"1a1c01bbd47fc00a2c39e90264f33305004495a9","hash":"128c03ea8e5291693cd75498f602b8b24943412a"}
,"/Users/nicmakomva/Projects/Makers Projects/acebook-earth/api/lib/token.js": {"path":"/Users/nicmakomva/Projects/Makers Projects/acebook-earth/api/lib/token.js","statementMap":{"0":{"start":{"line":1,"column":12},"end":{"line":1,"column":35}},"1":{"start":{"line":2,"column":15},"end":{"line":2,"column":37}},"2":{"start":{"line":11,"column":27},"end":{"line":11,"column":34}},"3":{"start":{"line":12,"column":23},"end":{"line":12,"column":52}},"4":{"start":{"line":13,"column":21},"end":{"line":13,"column":52}},"5":{"start":{"line":17,"column":17},"end":{"line":21,"column":3}},"6":{"start":{"line":23,"column":2},"end":{"line":23,"column":34}},"7":{"start":{"line":27,"column":2},"end":{"line":27,"column":35}},"8":{"start":{"line":30,"column":0},"end":{"line":30,"column":48}}},"fnMap":{"0":{"name":"generateToken","decl":{"start":{"line":10,"column":9},"end":{"line":10,"column":22}},"loc":{"start":{"line":10,"column":32},"end":{"line":24,"column":1}},"line":10},"1":{"name":"decodeToken","decl":{"start":{"line":26,"column":9},"end":{"line":26,"column":20}},"loc":{"start":{"line":26,"column":28},"end":{"line":28,"column":1}},"line":26}},"branchMap":{},"s":{"0":4,"1":4,"2":15,"3":15,"4":15,"5":15,"6":15,"7":2,"8":4},"f":{"0":15,"1":2},"b":{},"_coverageSchema":"1a1c01bbd47fc00a2c39e90264f33305004495a9","hash":"10af643130af31a28906fc3bfe9ade0415ee7699"}
,"/Users/nicmakomva/Projects/Makers Projects/acebook-earth/api/middleware/tokenChecker.js": {"path":"/Users/nicmakomva/Projects/Makers Projects/acebook-earth/api/middleware/tokenChecker.js","statementMap":{"0":{"start":{"line":1,"column":12},"end":{"line":1,"column":35}},"1":{"start":{"line":6,"column":21},"end":{"line":6,"column":45}},"2":{"start":{"line":8,"column":2},"end":{"line":10,"column":3}},"3":{"start":{"line":9,"column":4},"end":{"line":9,"column":32}},"4":{"start":{"line":12,"column":2},"end":{"line":28,"column":3}},"5":{"start":{"line":13,"column":20},"end":{"line":13,"column":61}},"6":{"start":{"line":14,"column":20},"end":{"line":14,"column":31}},"7":{"start":{"line":16,"column":4},"end":{"line":18,"column":5}},"8":{"start":{"line":17,"column":6},"end":{"line":17,"column":51}},"9":{"start":{"line":21,"column":4},"end":{"line":21,"column":26}},"10":{"start":{"line":22,"column":4},"end":{"line":22,"column":11}},"11":{"start":{"line":24,"column":4},"end":{"line":26,"column":5}},"12":{"start":{"line":25,"column":6},"end":{"line":25,"column":23}},"13":{"start":{"line":27,"column":4},"end":{"line":27,"column":52}},"14":{"start":{"line":31,"column":0},"end":{"line":31,"column":30}}},"fnMap":{"0":{"name":"tokenChecker","decl":{"start":{"line":4,"column":9},"end":{"line":4,"column":21}},"loc":{"start":{"line":4,"column":38},"end":{"line":29,"column":1}},"line":4}},"branchMap":{"0":{"loc":{"start":{"line":8,"column":2},"end":{"line":10,"column":3}},"type":"if","locations":[{"start":{"line":8,"column":2},"end":{"line":10,"column":3}},{"start":{},"end":{}}],"line":8},"1":{"loc":{"start":{"line":16,"column":4},"end":{"line":18,"column":5}},"type":"if","locations":[{"start":{"line":16,"column":4},"end":{"line":18,"column":5}},{"start":{},"end":{}}],"line":16},"2":{"loc":{"start":{"line":24,"column":4},"end":{"line":26,"column":5}},"type":"if","locations":[{"start":{"line":24,"column":4},"end":{"line":26,"column":5}},{"start":{},"end":{}}],"line":24}},"s":{"0":3,"1":31,"2":31,"3":25,"4":31,"5":31,"6":25,"7":25,"8":0,"9":25,"10":25,"11":6,"12":0,"13":6,"14":3},"f":{"0":31},"b":{"0":[25,6],"1":[0,25],"2":[0,6]},"_coverageSchema":"1a1c01bbd47fc00a2c39e90264f33305004495a9","hash":"091ac55b33ee6408d9569404ff89fe7da823156b"}
,"/Users/nicmakomva/Projects/Makers Projects/acebook-earth/api/models/commentSchema.js": {"path":"/Users/nicmakomva/Projects/Makers Projects/acebook-earth/api/models/commentSchema.js","statementMap":{"0":{"start":{"line":1,"column":17},"end":{"line":1,"column":37}},"1":{"start":{"line":3,"column":22},"end":{"line":6,"column":24}},"2":{"start":{"line":8,"column":0},"end":{"line":8,"column":31}}},"fnMap":{},"branchMap":{},"s":{"0":4,"1":4,"2":4},"f":{},"b":{},"_coverageSchema":"1a1c01bbd47fc00a2c39e90264f33305004495a9","hash":"60967f2245b283d1e56809a0c2b096f91c148545"}
,"/Users/nicmakomva/Projects/Makers Projects/acebook-earth/api/models/imageSchema.js": {"path":"/Users/nicmakomva/Projects/Makers Projects/acebook-earth/api/models/imageSchema.js","statementMap":{"0":{"start":{"line":1,"column":17},"end":{"line":1,"column":36}},"1":{"start":{"line":3,"column":20},"end":{"line":13,"column":2}},"2":{"start":{"line":15,"column":0},"end":{"line":15,"column":29}}},"fnMap":{},"branchMap":{},"s":{"0":4,"1":4,"2":4},"f":{},"b":{},"_coverageSchema":"1a1c01bbd47fc00a2c39e90264f33305004495a9","hash":"00e127fb27c0800a8ee27e7e6a957e99f4a2fb2f"}
,"/Users/nicmakomva/Projects/Makers Projects/acebook-earth/api/models/post.js": {"path":"/Users/nicmakomva/Projects/Makers Projects/acebook-earth/api/models/post.js","statementMap":{"0":{"start":{"line":1,"column":11},"end":{"line":1,"column":25}},"1":{"start":{"line":2,"column":13},"end":{"line":2,"column":28}},"2":{"start":{"line":3,"column":20},"end":{"line":3,"column":44}},"3":{"start":{"line":4,"column":22},"end":{"line":4,"column":48}},"4":{"start":{"line":6,"column":17},"end":{"line":6,"column":36}},"5":{"start":{"line":10,"column":19},"end":{"line":16,"column":24}},"6":{"start":{"line":18,"column":18},"end":{"line":18,"column":78}},"7":{"start":{"line":19,"column":18},"end":{"line":19,"column":44}},"8":{"start":{"line":23,"column":13},"end":{"line":23,"column":47}},"9":{"start":{"line":27,"column":23},"end":{"line":27,"column":57}},"10":{"start":{"line":28,"column":0},"end":{"line":37,"column":10}},"11":{"start":{"line":39,"column":0},"end":{"line":39,"column":22}}},"fnMap":{},"branchMap":{},"s":{"0":4,"1":4,"2":4,"3":4,"4":4,"5":4,"6":4,"7":4,"8":4,"9":4,"10":4,"11":4},"f":{},"b":{},"_coverageSchema":"1a1c01bbd47fc00a2c39e90264f33305004495a9","hash":"c9df07e85850d7ecfb097fa69ae9f86b12adeefc"}
,"/Users/nicmakomva/Projects/Makers Projects/acebook-earth/api/models/user.js": {"path":"/Users/nicmakomva/Projects/Makers Projects/acebook-earth/api/models/user.js","statementMap":{"0":{"start":{"line":1,"column":17},"end":{"line":1,"column":36}},"1":{"start":{"line":3,"column":19},"end":{"line":13,"column":2}},"2":{"start":{"line":15,"column":13},"end":{"line":15,"column":47}},"3":{"start":{"line":17,"column":0},"end":{"line":17,"column":22}}},"fnMap":{},"branchMap":{},"s":{"0":4,"1":4,"2":4,"3":4},"f":{},"b":{},"_coverageSchema":"1a1c01bbd47fc00a2c39e90264f33305004495a9","hash":"150f8683777b4c28037fa20f0b254fda701a515f"}
,"/Users/nicmakomva/Projects/Makers Projects/acebook-earth/api/routes/authentication.js": {"path":"/Users/nicmakomva/Projects/Makers Projects/acebook-earth/api/routes/authentication.js","statementMap":{"0":{"start":{"line":1,"column":16},"end":{"line":1,"column":34}},"1":{"start":{"line":2,"column":15},"end":{"line":2,"column":31}},"2":{"start":{"line":4,"column":33},"end":{"line":4,"column":73}},"3":{"start":{"line":6,"column":0},"end":{"line":6,"column":55}},"4":{"start":{"line":8,"column":0},"end":{"line":8,"column":24}}},"fnMap":{},"branchMap":{},"s":{"0":3,"1":3,"2":3,"3":3,"4":3},"f":{},"b":{},"_coverageSchema":"1a1c01bbd47fc00a2c39e90264f33305004495a9","hash":"920d15caa12dfc8ed49ad5954c23d08b163b1b59"}
,"/Users/nicmakomva/Projects/Makers Projects/acebook-earth/api/routes/posts.js": {"path":"/Users/nicmakomva/Projects/Makers Projects/acebook-earth/api/routes/posts.js","statementMap":{"0":{"start":{"line":1,"column":16},"end":{"line":1,"column":34}},"1":{"start":{"line":2,"column":15},"end":{"line":2,"column":31}},"2":{"start":{"line":4,"column":24},"end":{"line":4,"column":55}},"3":{"start":{"line":6,"column":0},"end":{"line":6,"column":45}},"4":{"start":{"line":7,"column":0},"end":{"line":7,"column":45}},"5":{"start":{"line":8,"column":0},"end":{"line":8,"column":52}},"6":{"start":{"line":9,"column":0},"end":{"line":9,"column":51}},"7":{"start":{"line":10,"column":0},"end":{"line":10,"column":53}},"8":{"start":{"line":11,"column":0},"end":{"line":11,"column":54}},"9":{"start":{"line":13,"column":0},"end":{"line":13,"column":24}}},"fnMap":{},"branchMap":{},"s":{"0":3,"1":3,"2":3,"3":3,"4":3,"5":3,"6":3,"7":3,"8":3,"9":3},"f":{},"b":{},"_coverageSchema":"1a1c01bbd47fc00a2c39e90264f33305004495a9","hash":"f1e3fcb8f94f58de6add7f5672bdc628fa1f63f2"}
,"/Users/nicmakomva/Projects/Makers Projects/acebook-earth/api/routes/usersProtected.js": {"path":"/Users/nicmakomva/Projects/Makers Projects/acebook-earth/api/routes/usersProtected.js","statementMap":{"0":{"start":{"line":2,"column":16},"end":{"line":2,"column":34}},"1":{"start":{"line":4,"column":24},"end":{"line":4,"column":55}},"2":{"start":{"line":6,"column":15},"end":{"line":6,"column":31}},"3":{"start":{"line":8,"column":0},"end":{"line":8,"column":67}},"4":{"start":{"line":9,"column":0},"end":{"line":9,"column":47}},"5":{"start":{"line":10,"column":0},"end":{"line":10,"column":53}},"6":{"start":{"line":12,"column":0},"end":{"line":12,"column":24}}},"fnMap":{},"branchMap":{},"s":{"0":3,"1":3,"2":3,"3":3,"4":3,"5":3,"6":3},"f":{},"b":{},"_coverageSchema":"1a1c01bbd47fc00a2c39e90264f33305004495a9","hash":"826e30ee088d51dfc8429adc91aa712ba3564145"}
,"/Users/nicmakomva/Projects/Makers Projects/acebook-earth/api/routes/usersUnprotected.js": {"path":"/Users/nicmakomva/Projects/Makers Projects/acebook-earth/api/routes/usersUnprotected.js","statementMap":{"0":{"start":{"line":2,"column":16},"end":{"line":2,"column":34}},"1":{"start":{"line":4,"column":24},"end":{"line":4,"column":55}},"2":{"start":{"line":6,"column":15},"end":{"line":6,"column":31}},"3":{"start":{"line":8,"column":0},"end":{"line":8,"column":41}},"4":{"start":{"line":9,"column":0},"end":{"line":9,"column":45}},"5":{"start":{"line":10,"column":0},"end":{"line":10,"column":44}},"6":{"start":{"line":12,"column":0},"end":{"line":12,"column":24}}},"fnMap":{},"branchMap":{},"s":{"0":3,"1":3,"2":3,"3":3,"4":3,"5":3,"6":3},"f":{},"b":{},"_coverageSchema":"1a1c01bbd47fc00a2c39e90264f33305004495a9","hash":"5fb7e7eadf643692115e6f450b04c39992483c68"}
,"/Users/nicmakomva/Projects/Makers Projects/acebook-earth/api/tests/mongodb_helper.js": {"path":"/Users/nicmakomva/Projects/Makers Projects/acebook-earth/api/tests/mongodb_helper.js","statementMap":{"0":{"start":{"line":1,"column":17},"end":{"line":1,"column":36}},"1":{"start":{"line":2,"column":30},"end":{"line":2,"column":49}},"2":{"start":{"line":4,"column":0},"end":{"line":6,"column":3}},"3":{"start":{"line":5,"column":2},"end":{"line":5,"column":28}},"4":{"start":{"line":8,"column":0},"end":{"line":10,"column":3}},"5":{"start":{"line":9,"column":2},"end":{"line":9,"column":40}}},"fnMap":{"0":{"name":"(anonymous_0)","decl":{"start":{"line":4,"column":10},"end":{"line":4,"column":11}},"loc":{"start":{"line":4,"column":22},"end":{"line":6,"column":1}},"line":4},"1":{"name":"(anonymous_1)","decl":{"start":{"line":8,"column":9},"end":{"line":8,"column":10}},"loc":{"start":{"line":8,"column":21},"end":{"line":10,"column":1}},"line":8}},"branchMap":{},"s":{"0":5,"1":5,"2":5,"3":5,"4":5,"5":5},"f":{"0":5,"1":5},"b":{},"_coverageSchema":"1a1c01bbd47fc00a2c39e90264f33305004495a9","hash":"3306fcbf72809b82510fb070c4c7dee3d52da328"}
}
