TN:
SF:app.js
FN:28,(anonymous_0)
FN:33,(anonymous_1)
FNF:2
FNH:0
FNDA:0,(anonymous_0)
FNDA:0,(anonymous_1)
DA:1,3
DA:2,3
DA:3,3
DA:5,3
DA:6,3
DA:7,3
DA:8,3
DA:9,3
DA:11,3
DA:16,3
DA:19,3
DA:22,3
DA:23,3
DA:24,3
DA:25,3
DA:28,3
DA:29,0
DA:33,3
DA:34,0
DA:35,0
DA:36,0
DA:38,0
DA:42,3
LF:23
LH:18
BRDA:35,0,0,0
BRDA:35,0,1,0
BRF:2
BRH:0
end_of_record
TN:
SF:controllers/authentication.js
FN:4,createToken
FNF:1
FNH:1
FNDA:3,createToken
DA:1,3
DA:2,3
DA:5,3
DA:6,3
DA:8,3
DA:9,3
DA:10,1
DA:11,1
DA:12,2
DA:13,1
DA:14,1
DA:16,1
DA:17,1
DA:21,3
DA:25,3
LF:15
LH:15
BRDA:9,0,0,1
BRDA:9,0,1,2
BRDA:12,1,0,1
BRDA:12,1,1,1
BRF:4
BRH:4
end_of_record
TN:
SF:controllers/posts.js
FN:5,getAllPosts
FN:15,getPostById
FN:30,getPostsByFriend
FN:35,getFeed
FN:46,(anonymous_4)
FN:60,createPost
FN:73,editPost
FN:89,deletePost
FNF:8
FNH:8
FNDA:3,getAllPosts
FNDA:4,getPostById
FNDA:2,getPostsByFriend
FNDA:2,getFeed
FNDA:2,(anonymous_4)
FNDA:3,createPost
FNDA:2,editPost
FNDA:2,deletePost
DA:1,3
DA:2,3
DA:3,3
DA:6,3
DA:7,3
DA:8,3
DA:9,3
DA:11,0
DA:16,4
DA:17,4
DA:18,4
DA:20,4
DA:21,1
DA:23,3
DA:24,3
DA:26,0
DA:31,2
DA:32,2
DA:36,2
DA:37,2
DA:38,2
DA:39,2
DA:40,1
DA:42,1
DA:45,1
DA:46,2
DA:50,1
DA:52,1
DA:53,1
DA:55,0
DA:56,0
DA:62,3
DA:63,3
DA:64,3
DA:66,3
DA:67,3
DA:69,0
DA:74,2
DA:75,2
DA:76,2
DA:79,2
DA:80,1
DA:82,1
DA:83,1
DA:85,0
DA:90,2
DA:91,2
DA:92,2
DA:93,2
DA:94,1
DA:96,1
DA:97,1
DA:99,0
DA:105,3
DA:114,3
LF:55
LH:48
BRDA:20,0,0,1
BRDA:20,0,1,3
BRDA:39,1,0,1
BRDA:39,1,1,1
BRDA:79,2,0,1
BRDA:79,2,1,1
BRDA:93,3,0,1
BRDA:93,3,1,1
BRF:8
BRH:8
end_of_record
TN:
SF:controllers/users.js
FN:5,create
FN:13,(anonymous_1)
FN:17,(anonymous_2)
FN:25,getAllUsers
FN:40,getById
FN:55,updateUser
FN:82,addFriend
FN:119,deleteUserById
FNF:8
FNH:8
FNDA:6,create
FNDA:2,(anonymous_1)
FNDA:4,(anonymous_2)
FNDA:1,getAllUsers
FNDA:4,getById
FNDA:3,updateUser
FNDA:4,addFriend
FNDA:2,deleteUserById
DA:1,3
DA:2,3
DA:3,3
DA:6,6
DA:7,6
DA:8,6
DA:10,6
DA:11,6
DA:14,2
DA:15,2
DA:18,4
DA:19,0
DA:21,4
DA:26,1
DA:27,1
DA:29,1
DA:30,0
DA:33,1
DA:35,0
DA:36,0
DA:41,4
DA:42,4
DA:44,4
DA:45,1
DA:48,3
DA:50,0
DA:51,0
DA:56,3
DA:58,3
DA:59,0
DA:62,3
DA:70,3
DA:71,0
DA:74,3
DA:77,0
DA:78,0
DA:83,4
DA:84,4
DA:85,4
DA:87,4
DA:88,0
DA:91,4
DA:92,4
DA:93,0
DA:96,4
DA:102,4
DA:103,0
DA:106,4
DA:112,0
DA:120,2
DA:121,2
DA:122,2
DA:124,2
DA:125,0
DA:130,2
DA:135,2
DA:143,2
DA:145,2
DA:150,0
DA:158,3
DA:167,3
LF:61
LH:45
BRDA:18,0,0,0
BRDA:18,0,1,4
BRDA:29,1,0,0
BRDA:29,1,1,1
BRDA:44,2,0,1
BRDA:44,2,1,3
BRDA:58,3,0,0
BRDA:58,3,1,3
BRDA:70,4,0,0
BRDA:70,4,1,3
BRDA:87,5,0,0
BRDA:87,5,1,4
BRDA:92,6,0,0
BRDA:92,6,1,4
BRDA:102,7,0,0
BRDA:102,7,1,4
BRDA:124,8,0,0
BRDA:124,8,1,2
BRF:18
BRH:10
end_of_record
TN:
SF:db/db.js
FN:3,connectToDatabase
FNF:1
FNH:1
FNDA:5,connectToDatabase
DA:1,5
DA:4,5
DA:6,5
DA:7,0
DA:10,0
DA:13,5
DA:15,5
DA:16,0
DA:20,5
LF:9
LH:6
BRDA:6,0,0,0
BRDA:6,0,1,5
BRDA:15,1,0,0
BRDA:15,1,1,5
BRF:4
BRH:2
end_of_record
TN:
SF:lib/token.js
FN:10,generateToken
FN:26,decodeToken
FNF:2
FNH:2
FNDA:15,generateToken
FNDA:2,decodeToken
DA:1,4
DA:2,4
DA:11,15
DA:12,15
DA:13,15
DA:17,15
DA:23,15
DA:27,2
DA:30,4
LF:9
LH:9
BRF:0
BRH:0
end_of_record
TN:
SF:middleware/tokenChecker.js
FN:4,tokenChecker
FNF:1
FNH:1
FNDA:31,tokenChecker
DA:1,3
DA:6,31
DA:8,31
DA:9,25
DA:12,31
DA:13,31
DA:14,25
DA:16,25
DA:17,0
DA:21,25
DA:22,25
DA:24,6
DA:25,0
DA:27,6
DA:31,3
LF:15
LH:13
BRDA:8,0,0,25
BRDA:8,0,1,6
BRDA:16,1,0,0
BRDA:16,1,1,25
BRDA:24,2,0,0
BRDA:24,2,1,6
BRF:6
BRH:4
end_of_record
TN:
SF:models/commentSchema.js
FNF:0
FNH:0
DA:1,4
DA:3,4
DA:8,4
LF:3
LH:3
BRF:0
BRH:0
end_of_record
TN:
SF:models/imageSchema.js
FNF:0
FNH:0
DA:1,4
DA:3,4
DA:15,4
LF:3
LH:3
BRF:0
BRH:0
end_of_record
TN:
SF:models/post.js
FNF:0
FNH:0
DA:1,4
DA:2,4
DA:3,4
DA:4,4
DA:6,4
DA:10,4
DA:18,4
DA:19,4
DA:23,4
DA:27,4
DA:28,4
DA:39,4
LF:12
LH:12
BRF:0
BRH:0
end_of_record
TN:
SF:models/user.js
FNF:0
FNH:0
DA:1,4
DA:3,4
DA:15,4
DA:17,4
LF:4
LH:4
BRF:0
BRH:0
end_of_record
TN:
SF:routes/authentication.js
FNF:0
FNH:0
DA:1,3
DA:2,3
DA:4,3
DA:6,3
DA:8,3
LF:5
LH:5
BRF:0
BRH:0
end_of_record
TN:
SF:routes/posts.js
FNF:0
FNH:0
DA:1,3
DA:2,3
DA:4,3
DA:6,3
DA:7,3
DA:8,3
DA:9,3
DA:10,3
DA:11,3
DA:13,3
LF:10
LH:10
BRF:0
BRH:0
end_of_record
TN:
SF:routes/usersProtected.js
FNF:0
FNH:0
DA:2,3
DA:4,3
DA:6,3
DA:8,3
DA:9,3
DA:10,3
DA:12,3
LF:7
LH:7
BRF:0
BRH:0
end_of_record
TN:
SF:routes/usersUnprotected.js
FNF:0
FNH:0
DA:2,3
DA:4,3
DA:6,3
DA:8,3
DA:9,3
DA:10,3
DA:12,3
LF:7
LH:7
BRF:0
BRH:0
end_of_record
TN:
SF:tests/mongodb_helper.js
FN:4,(anonymous_0)
FN:8,(anonymous_1)
FNF:2
FNH:2
FNDA:5,(anonymous_0)
FNDA:5,(anonymous_1)
DA:1,5
DA:2,5
DA:4,5
DA:5,5
DA:8,5
DA:9,5
LF:6
LH:6
BRF:0
BRH:0
end_of_record
